<?xml version="1.0" encoding="UTF-8"?>
<testsuite xmlns:xsi="http://www.w3.org/2001/XMLSchema-instance" xsi:noNamespaceSchemaLocation="https://maven.apache.org/surefire/maven-surefire-plugin/xsd/surefire-test-report-3.0.xsd" version="3.0" name="classiDMN.GiocatoreTest" time="0.328" tests="3" errors="0" skipped="0" failures="0">
  <properties>
    <property name="java.specification.version" value="20"/>
    <property name="sun.cpu.isalist" value="amd64"/>
    <property name="sun.jnu.encoding" value="Cp1252"/>
    <property name="java.class.path" value="C:\Users\Giacomo\Desktop\workspace\briscola\target\test-classes;C:\Users\Giacomo\Desktop\workspace\briscola\target\classes;C:\Users\Giacomo\.m2\repository\org\kie\kie-dmn-core\8.35.0.Final\kie-dmn-core-8.35.0.Final.jar;C:\Users\Giacomo\.m2\repository\org\kie\kie-dmn-api\8.35.0.Final\kie-dmn-api-8.35.0.Final.jar;C:\Users\Giacomo\.m2\repository\org\kie\efesto-common-api\8.35.0.Final\efesto-common-api-8.35.0.Final.jar;C:\Users\Giacomo\.m2\repository\org\kie\kie-dmn-model\8.35.0.Final\kie-dmn-model-8.35.0.Final.jar;C:\Users\Giacomo\.m2\repository\org\kie\kie-dmn-backend\8.35.0.Final\kie-dmn-backend-8.35.0.Final.jar;C:\Users\Giacomo\.m2\repository\org\kie\kie-dmn-feel\8.35.0.Final\kie-dmn-feel-8.35.0.Final.jar;C:\Users\Giacomo\.m2\repository\ch\obermuhlner\big-math\2.0.1\big-math-2.0.1.jar;C:\Users\Giacomo\.m2\repository\org\kie\kie-api\8.35.0.Final\kie-api-8.35.0.Final.jar;C:\Users\Giacomo\.m2\repository\org\kie\kie-internal\8.35.0.Final\kie-internal-8.35.0.Final.jar;C:\Users\Giacomo\.m2\repository\org\kie\kie-memory-compiler\8.35.0.Final\kie-memory-compiler-8.35.0.Final.jar;C:\Users\Giacomo\.m2\repository\org\drools\drools-util\8.35.0.Final\drools-util-8.35.0.Final.jar;C:\Users\Giacomo\.m2\repository\org\drools\drools-wiring-api\8.35.0.Final\drools-wiring-api-8.35.0.Final.jar;C:\Users\Giacomo\.m2\repository\org\drools\drools-core\8.35.0.Final\drools-core-8.35.0.Final.jar;C:\Users\Giacomo\.m2\repository\org\drools\drools-wiring-static\8.35.0.Final\drools-wiring-static-8.35.0.Final.jar;C:\Users\Giacomo\.m2\repository\org\drools\drools-io\8.35.0.Final\drools-io-8.35.0.Final.jar;C:\Users\Giacomo\.m2\repository\org\drools\drools-compiler\8.35.0.Final\drools-compiler-8.35.0.Final.jar;C:\Users\Giacomo\.m2\repository\org\drools\drools-drl-parser\8.35.0.Final\drools-drl-parser-8.35.0.Final.jar;C:\Users\Giacomo\.m2\repository\org\drools\drools-drl-extensions\8.35.0.Final\drools-drl-extensions-8.35.0.Final.jar;C:\Users\Giacomo\.m2\repository\org\drools\drools-drl-ast\8.35.0.Final\drools-drl-ast-8.35.0.Final.jar;C:\Users\Giacomo\.m2\repository\org\drools\drools-kiesession\8.35.0.Final\drools-kiesession-8.35.0.Final.jar;C:\Users\Giacomo\.m2\repository\org\drools\drools-ecj\8.35.0.Final\drools-ecj-8.35.0.Final.jar;C:\Users\Giacomo\.m2\repository\org\antlr\antlr-runtime\3.5.2\antlr-runtime-3.5.2.jar;C:\Users\Giacomo\.m2\repository\org\drools\drools-canonical-model\8.35.0.Final\drools-canonical-model-8.35.0.Final.jar;C:\Users\Giacomo\.m2\repository\com\github\javaparser\javaparser-core\3.24.2\javaparser-core-3.24.2.jar;C:\Users\Giacomo\.m2\repository\org\drools\drools-mvel-parser\8.35.0.Final\drools-mvel-parser-8.35.0.Final.jar;C:\Users\Giacomo\.m2\repository\org\drools\drools-alphanetwork-compiler\8.35.0.Final\drools-alphanetwork-compiler-8.35.0.Final.jar;C:\Users\Giacomo\.m2\repository\org\drools\drools-model-codegen\8.35.0.Final\drools-model-codegen-8.35.0.Final.jar;C:\Users\Giacomo\.m2\repository\org\drools\drools-codegen-common\8.35.0.Final\drools-codegen-common-8.35.0.Final.jar;C:\Users\Giacomo\.m2\repository\org\drools\drools-mvel-compiler\8.35.0.Final\drools-mvel-compiler-8.35.0.Final.jar;C:\Users\Giacomo\.m2\repository\org\kie\efesto-compilation-manager-core\8.35.0.Final\efesto-compilation-manager-core-8.35.0.Final.jar;C:\Users\Giacomo\.m2\repository\org\kie\efesto-compilation-manager-api\8.35.0.Final\efesto-compilation-manager-api-8.35.0.Final.jar;C:\Users\Giacomo\.m2\repository\org\kie\efesto-common-core\8.35.0.Final\efesto-common-core-8.35.0.Final.jar;C:\Users\Giacomo\.m2\repository\org\assertj\assertj-core\3.23.1\assertj-core-3.23.1.jar;C:\Users\Giacomo\.m2\repository\net\bytebuddy\byte-buddy\1.12.10\byte-buddy-1.12.10.jar;C:\Users\Giacomo\.m2\repository\org\kie\efesto-runtime-manager-core\8.35.0.Final\efesto-runtime-manager-core-8.35.0.Final.jar;C:\Users\Giacomo\.m2\repository\org\kie\efesto-runtime-manager-api\8.35.0.Final\efesto-runtime-manager-api-8.35.0.Final.jar;C:\Users\Giacomo\.m2\repository\org\kie\efesto-runtime-manager-api\8.35.0.Final\efesto-runtime-manager-api-8.35.0.Final-tests.jar;C:\Users\Giacomo\.m2\repository\org\kie\efesto-common-utils\8.35.0.Final\efesto-common-utils-8.35.0.Final.jar;C:\Users\Giacomo\.m2\repository\org\slf4j\slf4j-api\1.7.30\slf4j-api-1.7.30.jar;C:\Users\Giacomo\.m2\repository\org\antlr\antlr4-runtime\4.10.1\antlr4-runtime-4.10.1.jar;C:\Users\Giacomo\.m2\repository\org\jpmml\pmml-model\1.5.1\pmml-model-1.5.1.jar;C:\Users\Giacomo\.m2\repository\org\jpmml\pmml-agent\1.5.1\pmml-agent-1.5.1.jar;C:\Users\Giacomo\.m2\repository\org\drools\drools-xml-support\8.35.0.Final\drools-xml-support-8.35.0.Final.jar;C:\Users\Giacomo\.m2\repository\com\thoughtworks\xstream\xstream\1.4.20\xstream-1.4.20.jar;C:\Users\Giacomo\.m2\repository\io\github\x-stream\mxparser\1.2.2\mxparser-1.2.2.jar;C:\Users\Giacomo\.m2\repository\xmlpull\xmlpull\1.1.3.1\xmlpull-1.1.3.1.jar;C:\Users\Giacomo\.m2\repository\org\kie\kie-util-xml\8.35.0.Final\kie-util-xml-8.35.0.Final.jar;C:\Users\Giacomo\.m2\repository\org\drools\drools-commands\8.35.0.Final\drools-commands-8.35.0.Final.jar;C:\Users\Giacomo\.m2\repository\commons-codec\commons-codec\1.15\commons-codec-1.15.jar;C:\Users\Giacomo\.m2\repository\org\drools\drools-model-compiler\8.35.0.Final\drools-model-compiler-8.35.0.Final.jar;C:\Users\Giacomo\.m2\repository\org\kie\kie-util-maven-support\8.35.0.Final\kie-util-maven-support-8.35.0.Final.jar;C:\Users\Giacomo\.m2\repository\junit\junit\4.13.1\junit-4.13.1.jar;C:\Users\Giacomo\.m2\repository\org\hamcrest\hamcrest-core\1.3\hamcrest-core-1.3.jar;C:\Users\Giacomo\.m2\repository\org\drools\drools-scenario-simulation-backend\8.35.0.Final\drools-scenario-simulation-backend-8.35.0.Final.jar;C:\Users\Giacomo\.m2\repository\org\drools\drools-scenario-simulation-api\8.35.0.Final\drools-scenario-simulation-api-8.35.0.Final.jar;C:\Users\Giacomo\.m2\repository\com\fasterxml\jackson\core\jackson-databind\2.14.1\jackson-databind-2.14.1.jar;C:\Users\Giacomo\.m2\repository\com\fasterxml\jackson\core\jackson-annotations\2.14.1\jackson-annotations-2.14.1.jar;C:\Users\Giacomo\.m2\repository\com\fasterxml\jackson\core\jackson-core\2.14.1\jackson-core-2.14.1.jar;C:\Users\Giacomo\.m2\repository\org\drools\drools-mvel\8.35.0.Final\drools-mvel-8.35.0.Final.jar;C:\Users\Giacomo\.m2\repository\org\drools\drools-wiring-dynamic\8.35.0.Final\drools-wiring-dynamic-8.35.0.Final.jar;C:\Users\Giacomo\.m2\repository\org\mvel\mvel2\2.4.14.Final\mvel2-2.4.14.Final.jar;C:\Users\Giacomo\.m2\repository\ch\qos\logback\logback-classic\1.2.9\logback-classic-1.2.9.jar;C:\Users\Giacomo\.m2\repository\ch\qos\logback\logback-core\1.2.9\logback-core-1.2.9.jar;"/>
    <property name="java.vm.vendor" value="Oracle Corporation"/>
    <property name="sun.arch.data.model" value="64"/>
    <property name="user.variant" value=""/>
    <property name="java.vendor.url" value="https://java.oracle.com/"/>
    <property name="user.timezone" value="Europe/Rome"/>
    <property name="os.name" value="Windows 11"/>
    <property name="java.vm.specification.version" value="20"/>
    <property name="sun.java.launcher" value="SUN_STANDARD"/>
    <property name="user.country" value="IT"/>
    <property name="sun.boot.library.path" value="C:\Program Files\Java\jdk-20\bin"/>
    <property name="sun.java.command" value="C:\Users\Giacomo\AppData\Local\Temp\surefire13634902784470557674\surefirebooter-20240329093059956_3.jar C:\Users\Giacomo\AppData\Local\Temp\surefire13634902784470557674 2024-03-29T09-30-59_675-jvmRun1 surefire-20240329093059956_1tmp surefire_0-20240329093059956_2tmp"/>
    <property name="jdk.debug" value="release"/>
    <property name="surefire.test.class.path" value="C:\Users\Giacomo\Desktop\workspace\briscola\target\test-classes;C:\Users\Giacomo\Desktop\workspace\briscola\target\classes;C:\Users\Giacomo\.m2\repository\org\kie\kie-dmn-core\8.35.0.Final\kie-dmn-core-8.35.0.Final.jar;C:\Users\Giacomo\.m2\repository\org\kie\kie-dmn-api\8.35.0.Final\kie-dmn-api-8.35.0.Final.jar;C:\Users\Giacomo\.m2\repository\org\kie\efesto-common-api\8.35.0.Final\efesto-common-api-8.35.0.Final.jar;C:\Users\Giacomo\.m2\repository\org\kie\kie-dmn-model\8.35.0.Final\kie-dmn-model-8.35.0.Final.jar;C:\Users\Giacomo\.m2\repository\org\kie\kie-dmn-backend\8.35.0.Final\kie-dmn-backend-8.35.0.Final.jar;C:\Users\Giacomo\.m2\repository\org\kie\kie-dmn-feel\8.35.0.Final\kie-dmn-feel-8.35.0.Final.jar;C:\Users\Giacomo\.m2\repository\ch\obermuhlner\big-math\2.0.1\big-math-2.0.1.jar;C:\Users\Giacomo\.m2\repository\org\kie\kie-api\8.35.0.Final\kie-api-8.35.0.Final.jar;C:\Users\Giacomo\.m2\repository\org\kie\kie-internal\8.35.0.Final\kie-internal-8.35.0.Final.jar;C:\Users\Giacomo\.m2\repository\org\kie\kie-memory-compiler\8.35.0.Final\kie-memory-compiler-8.35.0.Final.jar;C:\Users\Giacomo\.m2\repository\org\drools\drools-util\8.35.0.Final\drools-util-8.35.0.Final.jar;C:\Users\Giacomo\.m2\repository\org\drools\drools-wiring-api\8.35.0.Final\drools-wiring-api-8.35.0.Final.jar;C:\Users\Giacomo\.m2\repository\org\drools\drools-core\8.35.0.Final\drools-core-8.35.0.Final.jar;C:\Users\Giacomo\.m2\repository\org\drools\drools-wiring-static\8.35.0.Final\drools-wiring-static-8.35.0.Final.jar;C:\Users\Giacomo\.m2\repository\org\drools\drools-io\8.35.0.Final\drools-io-8.35.0.Final.jar;C:\Users\Giacomo\.m2\repository\org\drools\drools-compiler\8.35.0.Final\drools-compiler-8.35.0.Final.jar;C:\Users\Giacomo\.m2\repository\org\drools\drools-drl-parser\8.35.0.Final\drools-drl-parser-8.35.0.Final.jar;C:\Users\Giacomo\.m2\repository\org\drools\drools-drl-extensions\8.35.0.Final\drools-drl-extensions-8.35.0.Final.jar;C:\Users\Giacomo\.m2\repository\org\drools\drools-drl-ast\8.35.0.Final\drools-drl-ast-8.35.0.Final.jar;C:\Users\Giacomo\.m2\repository\org\drools\drools-kiesession\8.35.0.Final\drools-kiesession-8.35.0.Final.jar;C:\Users\Giacomo\.m2\repository\org\drools\drools-ecj\8.35.0.Final\drools-ecj-8.35.0.Final.jar;C:\Users\Giacomo\.m2\repository\org\antlr\antlr-runtime\3.5.2\antlr-runtime-3.5.2.jar;C:\Users\Giacomo\.m2\repository\org\drools\drools-canonical-model\8.35.0.Final\drools-canonical-model-8.35.0.Final.jar;C:\Users\Giacomo\.m2\repository\com\github\javaparser\javaparser-core\3.24.2\javaparser-core-3.24.2.jar;C:\Users\Giacomo\.m2\repository\org\drools\drools-mvel-parser\8.35.0.Final\drools-mvel-parser-8.35.0.Final.jar;C:\Users\Giacomo\.m2\repository\org\drools\drools-alphanetwork-compiler\8.35.0.Final\drools-alphanetwork-compiler-8.35.0.Final.jar;C:\Users\Giacomo\.m2\repository\org\drools\drools-model-codegen\8.35.0.Final\drools-model-codegen-8.35.0.Final.jar;C:\Users\Giacomo\.m2\repository\org\drools\drools-codegen-common\8.35.0.Final\drools-codegen-common-8.35.0.Final.jar;C:\Users\Giacomo\.m2\repository\org\drools\drools-mvel-compiler\8.35.0.Final\drools-mvel-compiler-8.35.0.Final.jar;C:\Users\Giacomo\.m2\repository\org\kie\efesto-compilation-manager-core\8.35.0.Final\efesto-compilation-manager-core-8.35.0.Final.jar;C:\Users\Giacomo\.m2\repository\org\kie\efesto-compilation-manager-api\8.35.0.Final\efesto-compilation-manager-api-8.35.0.Final.jar;C:\Users\Giacomo\.m2\repository\org\kie\efesto-common-core\8.35.0.Final\efesto-common-core-8.35.0.Final.jar;C:\Users\Giacomo\.m2\repository\org\assertj\assertj-core\3.23.1\assertj-core-3.23.1.jar;C:\Users\Giacomo\.m2\repository\net\bytebuddy\byte-buddy\1.12.10\byte-buddy-1.12.10.jar;C:\Users\Giacomo\.m2\repository\org\kie\efesto-runtime-manager-core\8.35.0.Final\efesto-runtime-manager-core-8.35.0.Final.jar;C:\Users\Giacomo\.m2\repository\org\kie\efesto-runtime-manager-api\8.35.0.Final\efesto-runtime-manager-api-8.35.0.Final.jar;C:\Users\Giacomo\.m2\repository\org\kie\efesto-runtime-manager-api\8.35.0.Final\efesto-runtime-manager-api-8.35.0.Final-tests.jar;C:\Users\Giacomo\.m2\repository\org\kie\efesto-common-utils\8.35.0.Final\efesto-common-utils-8.35.0.Final.jar;C:\Users\Giacomo\.m2\repository\org\slf4j\slf4j-api\1.7.30\slf4j-api-1.7.30.jar;C:\Users\Giacomo\.m2\repository\org\antlr\antlr4-runtime\4.10.1\antlr4-runtime-4.10.1.jar;C:\Users\Giacomo\.m2\repository\org\jpmml\pmml-model\1.5.1\pmml-model-1.5.1.jar;C:\Users\Giacomo\.m2\repository\org\jpmml\pmml-agent\1.5.1\pmml-agent-1.5.1.jar;C:\Users\Giacomo\.m2\repository\org\drools\drools-xml-support\8.35.0.Final\drools-xml-support-8.35.0.Final.jar;C:\Users\Giacomo\.m2\repository\com\thoughtworks\xstream\xstream\1.4.20\xstream-1.4.20.jar;C:\Users\Giacomo\.m2\repository\io\github\x-stream\mxparser\1.2.2\mxparser-1.2.2.jar;C:\Users\Giacomo\.m2\repository\xmlpull\xmlpull\1.1.3.1\xmlpull-1.1.3.1.jar;C:\Users\Giacomo\.m2\repository\org\kie\kie-util-xml\8.35.0.Final\kie-util-xml-8.35.0.Final.jar;C:\Users\Giacomo\.m2\repository\org\drools\drools-commands\8.35.0.Final\drools-commands-8.35.0.Final.jar;C:\Users\Giacomo\.m2\repository\commons-codec\commons-codec\1.15\commons-codec-1.15.jar;C:\Users\Giacomo\.m2\repository\org\drools\drools-model-compiler\8.35.0.Final\drools-model-compiler-8.35.0.Final.jar;C:\Users\Giacomo\.m2\repository\org\kie\kie-util-maven-support\8.35.0.Final\kie-util-maven-support-8.35.0.Final.jar;C:\Users\Giacomo\.m2\repository\junit\junit\4.13.1\junit-4.13.1.jar;C:\Users\Giacomo\.m2\repository\org\hamcrest\hamcrest-core\1.3\hamcrest-core-1.3.jar;C:\Users\Giacomo\.m2\repository\org\drools\drools-scenario-simulation-backend\8.35.0.Final\drools-scenario-simulation-backend-8.35.0.Final.jar;C:\Users\Giacomo\.m2\repository\org\drools\drools-scenario-simulation-api\8.35.0.Final\drools-scenario-simulation-api-8.35.0.Final.jar;C:\Users\Giacomo\.m2\repository\com\fasterxml\jackson\core\jackson-databind\2.14.1\jackson-databind-2.14.1.jar;C:\Users\Giacomo\.m2\repository\com\fasterxml\jackson\core\jackson-annotations\2.14.1\jackson-annotations-2.14.1.jar;C:\Users\Giacomo\.m2\repository\com\fasterxml\jackson\core\jackson-core\2.14.1\jackson-core-2.14.1.jar;C:\Users\Giacomo\.m2\repository\org\drools\drools-mvel\8.35.0.Final\drools-mvel-8.35.0.Final.jar;C:\Users\Giacomo\.m2\repository\org\drools\drools-wiring-dynamic\8.35.0.Final\drools-wiring-dynamic-8.35.0.Final.jar;C:\Users\Giacomo\.m2\repository\org\mvel\mvel2\2.4.14.Final\mvel2-2.4.14.Final.jar;C:\Users\Giacomo\.m2\repository\ch\qos\logback\logback-classic\1.2.9\logback-classic-1.2.9.jar;C:\Users\Giacomo\.m2\repository\ch\qos\logback\logback-core\1.2.9\logback-core-1.2.9.jar;"/>
    <property name="sun.cpu.endian" value="little"/>
    <property name="user.home" value="C:\Users\Giacomo"/>
    <property name="user.language" value="it"/>
    <property name="java.specification.vendor" value="Oracle Corporation"/>
    <property name="java.version.date" value="2023-07-18"/>
    <property name="java.home" value="C:\Program Files\Java\jdk-20"/>
    <property name="file.separator" value="\"/>
    <property name="basedir" value="C:\Users\Giacomo\Desktop\workspace\briscola"/>
    <property name="java.vm.compressedOopsMode" value="32-bit"/>
    <property name="line.separator" value="&#10;"/>
    <property name="java.vm.specification.vendor" value="Oracle Corporation"/>
    <property name="java.specification.name" value="Java Platform API Specification"/>
    <property name="surefire.real.class.path" value="C:\Users\Giacomo\AppData\Local\Temp\surefire13634902784470557674\surefirebooter-20240329093059956_3.jar"/>
    <property name="user.script" value=""/>
    <property name="sun.management.compiler" value="HotSpot 64-Bit Tiered Compilers"/>
    <property name="java.runtime.version" value="20.0.2+9-78"/>
    <property name="user.name" value="Giacomo"/>
    <property name="stdout.encoding" value="Cp1252"/>
    <property name="path.separator" value=";"/>
    <property name="os.version" value="10.0"/>
    <property name="java.runtime.name" value="Java(TM) SE Runtime Environment"/>
    <property name="file.encoding" value="UTF-8"/>
    <property name="java.vm.name" value="Java HotSpot(TM) 64-Bit Server VM"/>
    <property name="localRepository" value="C:\Users\Giacomo\.m2\repository"/>
    <property name="java.vendor.url.bug" value="https://bugreport.java.com/bugreport/"/>
    <property name="java.io.tmpdir" value="C:\Users\Giacomo\AppData\Local\Temp\"/>
    <property name="java.version" value="20.0.2"/>
    <property name="user.dir" value="C:\Users\Giacomo\Desktop\workspace\briscola"/>
    <property name="os.arch" value="amd64"/>
    <property name="java.vm.specification.name" value="Java Virtual Machine Specification"/>
    <property name="sun.os.patch.level" value=""/>
    <property name="native.encoding" value="Cp1252"/>
    <property name="java.library.path" value="C:\Program Files\Java\jdk-20\bin;C:\WINDOWS\Sun\Java\bin;C:\WINDOWS\system32;C:\WINDOWS;C:\Program Files\Java\jdk-20\bin;C:\Program Files\Common Files\Oracle\Java\javapath;C:\WINDOWS\system32;C:\WINDOWS;C:\WINDOWS\System32\Wbem;C:\WINDOWS\System32\WindowsPowerShell\v1.0\;C:\Users\Giacomo\Desktop\apache-maven-3.9.5\bin;C:\Program Files\Git\cmd;C:\Users\Giacomo\AppData\Local\Microsoft\WindowsApps;C:\Users\Giacomo\AppData\Local\Programs\Microsoft VS Code\bin;."/>
    <property name="java.vm.info" value="mixed mode, sharing"/>
    <property name="stderr.encoding" value="Cp1252"/>
    <property name="java.vendor" value="Oracle Corporation"/>
    <property name="java.vm.version" value="20.0.2+9-78"/>
    <property name="sun.io.unicode.encoding" value="UnicodeLittle"/>
    <property name="java.class.version" value="64.0"/>
  </properties>
  <testcase name="scegliCartaExceptionIndexOutOfBoundsExceptionTest" classname="classiDMN.GiocatoreTest" time="0.0"/>
  <testcase name="giocataCorrettaTest" classname="classiDMN.GiocatoreTest" time="0.171">
    <system-out><![CDATA[GiocatoreTest digita un numero tra 1 e 3 per scegliere la carta dalla mano
[Carta [valore=A, seme=Cuori], Carta [valore=3, seme=Cuori], Carta [valore=K, seme=Cuori]]
]]></system-out>
  </testcase>
  <testcase name="aggiungiCartaManoTest" classname="classiDMN.GiocatoreTest" time="0.0"/>
</testsuite>